ERROR:root:Got exception in hin
Traceback (most recent call last):
  File "db_insertion.py", line 41, in hin
    __data = hin_ndls_data()
NameError: global name 'hin_ndls_data' is not defined
ERROR:root:Got exception in ht
Traceback (most recent call last):
  File "db_insertion.py", line 33, in ht
    InsertDB.__insert_db(__data)
TypeError: __insert_db() takes exactly 2 arguments (1 given)
ERROR:root:Got exception in ht
Traceback (most recent call last):
  File "db_insertion.py", line 33, in ht
    InsertDB.__insert_db(__data)
TypeError: __insert_db() takes exactly 2 arguments (1 given)
ERROR:root:Got exception in ht
Traceback (most recent call last):
  File "db_insertion.py", line 33, in ht
    InsertDB.__insert_db(__data)
TypeError: __insert_db() takes exactly 2 arguments (1 given)
ERROR:root:Got exception in ht
Traceback (most recent call last):
  File "db_insertion.py", line 33, in ht
    InsertDB.__insert_db(__data)
TypeError: __insert_db() takes exactly 2 arguments (1 given)
ERROR:root:Got exception in ht
Traceback (most recent call last):
  File "db_insertion.py", line 33, in ht
    InsertDB.__insert_db(__data)
TypeError: __insert_db() takes exactly 2 arguments (1 given)
ERROR:root:Got exception in hin
Traceback (most recent call last):
  File "db_insertion.py", line 43, in hin
    __data = hin_ndls_data()
NameError: global name 'hin_ndls_data' is not defined
ERROR:root:Got exception in hin
Traceback (most recent call last):
  File "db_insertion.py", line 44, in hin
    InsertDB.__insert_db(__data)
NameError: global name 'InsertDB' is not defined
ERROR:root:Got exception in hin
Traceback (most recent call last):
  File "db_insertion.py", line 44, in hin
    DBInsert.__insert_db(__data)
AttributeError: type object 'DBInsert' has no attribute '_DBInsert__insert_db'
INFO:requests.packages.urllib3.connectionpool:Starting new HTTP connection (1): localhost
DEBUG:requests.packages.urllib3.connectionpool:"GET /news?skip=10&count=10 HTTP/1.1" 200 31696
INFO:requests.packages.urllib3.connectionpool:Starting new HTTP connection (1): localhost
DEBUG:requests.packages.urllib3.connectionpool:"POST /?PostTags HTTP/1.1" 404 233
INFO:requests.packages.urllib3.connectionpool:Starting new HTTP connection (1): localhost
DEBUG:requests.packages.urllib3.connectionpool:"POST /?PostTags HTTP/1.1" 404 233
INFO:requests.packages.urllib3.connectionpool:Starting new HTTP connection (1): localhost
DEBUG:requests.packages.urllib3.connectionpool:"POST /?tags HTTP/1.1" 404 233
INFO:requests.packages.urllib3.connectionpool:Starting new HTTP connection (1): localhost
DEBUG:requests.packages.urllib3.connectionpool:"POST /tags HTTP/1.1" 200 5
INFO:requests.packages.urllib3.connectionpool:Starting new HTTP connection (1): localhost
DEBUG:requests.packages.urllib3.connectionpool:"POST /tags HTTP/1.1" 200 5
INFO:requests.packages.urllib3.connectionpool:Starting new HTTP connection (1): localhost
DEBUG:requests.packages.urllib3.connectionpool:"POST /tags HTTP/1.1" 400 50
INFO:requests.packages.urllib3.connectionpool:Starting new HTTP connection (1): localhost
DEBUG:requests.packages.urllib3.connectionpool:"POST /tags HTTP/1.1" 400 50
INFO:requests.packages.urllib3.connectionpool:Starting new HTTP connection (1): localhost
DEBUG:requests.packages.urllib3.connectionpool:"POST /tags HTTP/1.1" 400 50
INFO:requests.packages.urllib3.connectionpool:Starting new HTTP connection (1): localhost
DEBUG:requests.packages.urllib3.connectionpool:"POST /tags HTTP/1.1" 400 50
INFO:requests.packages.urllib3.connectionpool:Starting new HTTP connection (1): localhost
DEBUG:requests.packages.urllib3.connectionpool:"POST /tags HTTP/1.1" 400 50
INFO:requests.packages.urllib3.connectionpool:Starting new HTTP connection (1): localhost
DEBUG:requests.packages.urllib3.connectionpool:"POST /tags HTTP/1.1" 400 50
INFO:requests.packages.urllib3.connectionpool:Starting new HTTP connection (1): localhost
DEBUG:requests.packages.urllib3.connectionpool:"POST /tags HTTP/1.1" 400 50
INFO:requests.packages.urllib3.connectionpool:Starting new HTTP connection (1): localhost
DEBUG:requests.packages.urllib3.connectionpool:"POST /tags HTTP/1.1" 500 63
INFO:requests.packages.urllib3.connectionpool:Starting new HTTP connection (1): localhost
DEBUG:requests.packages.urllib3.connectionpool:"POST /tags HTTP/1.1" 200 5
INFO:requests.packages.urllib3.connectionpool:Starting new HTTP connection (1): localhost
DEBUG:requests.packages.urllib3.connectionpool:"POST /tags HTTP/1.1" 200 5
INFO:requests.packages.urllib3.connectionpool:Starting new HTTP connection (1): localhost
DEBUG:requests.packages.urllib3.connectionpool:"POST /tags HTTP/1.1" 200 5
INFO:requests.packages.urllib3.connectionpool:Starting new HTTP connection (1): localhost
DEBUG:requests.packages.urllib3.connectionpool:"POST /tags HTTP/1.1" 400 50
INFO:requests.packages.urllib3.connectionpool:Starting new HTTP connection (1): localhost
DEBUG:requests.packages.urllib3.connectionpool:"POST /tags HTTP/1.1" 400 50
INFO:requests.packages.urllib3.connectionpool:Starting new HTTP connection (1): localhost
DEBUG:requests.packages.urllib3.connectionpool:"POST /tags HTTP/1.1" 500 63
INFO:requests.packages.urllib3.connectionpool:Starting new HTTP connection (1): localhost
DEBUG:requests.packages.urllib3.connectionpool:"POST /tags HTTP/1.1" 200 5
INFO:requests.packages.urllib3.connectionpool:Starting new HTTP connection (1): localhost
DEBUG:requests.packages.urllib3.connectionpool:"POST /tags HTTP/1.1" 200 5
INFO:requests.packages.urllib3.connectionpool:Starting new HTTP connection (1): localhost
DEBUG:requests.packages.urllib3.connectionpool:"POST /tags HTTP/1.1" 200 5
INFO:requests.packages.urllib3.connectionpool:Starting new HTTP connection (1): localhost
DEBUG:requests.packages.urllib3.connectionpool:"POST /tags HTTP/1.1" 400 50
INFO:requests.packages.urllib3.connectionpool:Starting new HTTP connection (1): localhost
DEBUG:requests.packages.urllib3.connectionpool:"POST /tags HTTP/1.1" 400 50
INFO:requests.packages.urllib3.connectionpool:Starting new HTTP connection (1): localhost
DEBUG:requests.packages.urllib3.connectionpool:"POST /tags HTTP/1.1" 400 50
INFO:requests.packages.urllib3.connectionpool:Starting new HTTP connection (1): localhost
DEBUG:requests.packages.urllib3.connectionpool:"POST /tags HTTP/1.1" 400 50
INFO:requests.packages.urllib3.connectionpool:Starting new HTTP connection (1): localhost
DEBUG:requests.packages.urllib3.connectionpool:"POST /tags HTTP/1.1" 400 50
INFO:requests.packages.urllib3.connectionpool:Starting new HTTP connection (1): localhost
DEBUG:requests.packages.urllib3.connectionpool:"POST /tags HTTP/1.1" 400 50
INFO:requests.packages.urllib3.connectionpool:Starting new HTTP connection (1): localhost
DEBUG:requests.packages.urllib3.connectionpool:"POST /tags HTTP/1.1" 400 50
INFO:requests.packages.urllib3.connectionpool:Starting new HTTP connection (1): localhost
DEBUG:requests.packages.urllib3.connectionpool:"POST /tags HTTP/1.1" 400 50
INFO:requests.packages.urllib3.connectionpool:Starting new HTTP connection (1): localhost
DEBUG:requests.packages.urllib3.connectionpool:"POST /tags HTTP/1.1" 200 5
INFO:requests.packages.urllib3.connectionpool:Starting new HTTP connection (1): localhost
DEBUG:requests.packages.urllib3.connectionpool:"POST /tags HTTP/1.1" 200 5
INFO:requests.packages.urllib3.connectionpool:Starting new HTTP connection (1): localhost
DEBUG:requests.packages.urllib3.connectionpool:"POST /tags HTTP/1.1" 200 5
INFO:requests.packages.urllib3.connectionpool:Starting new HTTP connection (1): localhost
DEBUG:requests.packages.urllib3.connectionpool:"POST /tags HTTP/1.1" 200 5
INFO:requests.packages.urllib3.connectionpool:Starting new HTTP connection (1): localhost
DEBUG:requests.packages.urllib3.connectionpool:"POST /tags HTTP/1.1" 500 63
INFO:requests.packages.urllib3.connectionpool:Starting new HTTP connection (1): localhost
DEBUG:requests.packages.urllib3.connectionpool:"POST /tags HTTP/1.1" 500 63
INFO:requests.packages.urllib3.connectionpool:Starting new HTTP connection (1): localhost
DEBUG:requests.packages.urllib3.connectionpool:"POST /tags HTTP/1.1" 500 63
INFO:requests.packages.urllib3.connectionpool:Starting new HTTP connection (1): localhost
DEBUG:requests.packages.urllib3.connectionpool:"POST /tags HTTP/1.1" 500 63
INFO:requests.packages.urllib3.connectionpool:Starting new HTTP connection (1): localhost
DEBUG:requests.packages.urllib3.connectionpool:"POST /tags HTTP/1.1" 500 63
INFO:requests.packages.urllib3.connectionpool:Starting new HTTP connection (1): localhost
DEBUG:requests.packages.urllib3.connectionpool:"POST /tags HTTP/1.1" 500 63
INFO:requests.packages.urllib3.connectionpool:Starting new HTTP connection (1): localhost
DEBUG:requests.packages.urllib3.connectionpool:"POST /tags HTTP/1.1" 500 63
INFO:requests.packages.urllib3.connectionpool:Starting new HTTP connection (1): localhost
DEBUG:requests.packages.urllib3.connectionpool:"POST /tags HTTP/1.1" 500 63
INFO:requests.packages.urllib3.connectionpool:Starting new HTTP connection (1): localhost
DEBUG:requests.packages.urllib3.connectionpool:"POST /tags HTTP/1.1" 200 2151
INFO:requests.packages.urllib3.connectionpool:Starting new HTTP connection (1): localhost
DEBUG:requests.packages.urllib3.connectionpool:"POST /tags HTTP/1.1" 200 2315
INFO:requests.packages.urllib3.connectionpool:Starting new HTTP connection (1): localhost
DEBUG:requests.packages.urllib3.connectionpool:"POST /tags HTTP/1.1" 200 2223
INFO:requests.packages.urllib3.connectionpool:Starting new HTTP connection (1): localhost
INFO:requests.packages.urllib3.connectionpool:Starting new HTTP connection (1): localhost
